[2024-12-21T18:42:12.370] [INFO] default - Server running on http://localhost:[object Object]
[2024-12-21T18:43:26.981] [INFO] default - Server running on http://localhost:4000
[2024-12-21T18:56:07.256] [INFO] default - Server running on http://localhost:4000
[2024-12-21T18:56:33.629] [INFO] default - Received login request
[2024-12-21T18:56:33.631] [INFO] default - Login successful for user: dan
[2024-12-21T18:56:33.660] [INFO] default - ⚡: T52Es2oE6Z5SxPi8AAAC user just connected!
[2024-12-21T18:56:33.665] [INFO] default - In 'getAllTodos'
[2024-12-21T18:56:42.266] [INFO] default - Received XML payload for addTodo: <?xml version="1.0" encoding="UTF-8" standalone="yes"?>
<todo>
  <text>adsf</text>
  <timestamp>2024-12-21T16:56:42.265Z</timestamp>
</todo>
[2024-12-21T18:56:42.269] [INFO] default - Adding todo item with ID: { text: 'adsf', timeStamp: '2024-12-21T16:56:42.265Z', userId: 'dan' }
[2024-12-21T18:56:42.269] [INFO] default - In 'getAllTodos'
[2024-12-21T18:56:42.270] [INFO] default - New xmlResponse: <?xml version="1.0" encoding="UTF-8" standalone="yes"?>
<todos>
  <todo>
    <text>adsf</text>
    <timeStamp>2024-12-21T16:56:42.265Z</timeStamp>
    <userId>dan</userId>
    <id>1ba50fe5-eea6-41eb-8695-a6b8f8f7c261</id>
  </todo>
</todos>
[2024-12-21T18:56:49.391] [INFO] default - Received XML payload for deleteTodo: <?xml version="1.0" encoding="UTF-8" standalone="yes"?>
<todo>
  <id>1ba50fe5-eea6-41eb-8695-a6b8f8f7c261</id>
</todo>
[2024-12-21T18:56:49.391] [INFO] default - Deleting todo item with ID: 1ba50fe5-eea6-41eb-8695-a6b8f8f7c261
[2024-12-21T18:56:49.391] [INFO] default - In 'getAllTodos'
[2024-12-21T18:56:49.392] [INFO] default - Todo with id 1ba50fe5-eea6-41eb-8695-a6b8f8f7c261 deleted successfully.
[2024-12-21T19:15:25.355] [INFO] default - Server running on http://localhost:4000
[2024-12-21T19:15:40.707] [INFO] default - ⚡: JhPS_NmczEmKjQ2MAAAB user just connected!
[2024-12-21T19:15:40.713] [INFO] default - Received XML payload for addTodo: <?xml version="1.0" encoding="UTF-8" standalone="yes"?>
<todo>
  <text>ghjngmj</text>
  <timestamp>2024-12-21T16:58:29.170Z</timestamp>
</todo>
[2024-12-21T19:15:40.715] [INFO] default - Adding todo item with ID: {
  text: 'ghjngmj',
  timeStamp: '2024-12-21T16:58:29.170Z',
  userId: 'dan'
}
[2024-12-21T19:15:40.716] [INFO] default - In 'getAllTodos'
[2024-12-21T19:15:40.720] [INFO] default - New xmlResponse: <?xml version="1.0" encoding="UTF-8" standalone="yes"?>
<todos>
  <todo>
    <text>ghjngmj</text>
    <timeStamp>2024-12-21T16:58:29.170Z</timeStamp>
    <userId>dan</userId>
    <id>cd49a569-37df-4f79-870e-99253c4dd797</id>
  </todo>
</todos>
[2024-12-21T19:15:56.909] [INFO] default - Received XML payload for addTodo: <?xml version="1.0" encoding="UTF-8" standalone="yes"?>
<todo>
  <text>buy stuff</text>
  <timestamp>2024-12-21T17:15:56.908Z</timestamp>
</todo>
[2024-12-21T19:15:56.909] [INFO] default - Adding todo item with ID: {
  text: 'buy stuff',
  timeStamp: '2024-12-21T17:15:56.908Z',
  userId: 'dan'
}
[2024-12-21T19:15:56.910] [INFO] default - In 'getAllTodos'
[2024-12-21T19:15:56.911] [INFO] default - New xmlResponse: <?xml version="1.0" encoding="UTF-8" standalone="yes"?>
<todos>
  <todo>
    <text>buy stuff</text>
    <timeStamp>2024-12-21T17:15:56.908Z</timeStamp>
    <userId>dan</userId>
    <id>6e62e103-fbad-4487-bba7-c38d59135c67</id>
  </todo>
  <todo>
    <text>ghjngmj</text>
    <timeStamp>2024-12-21T16:58:29.170Z</timeStamp>
    <userId>dan</userId>
    <id>cd49a569-37df-4f79-870e-99253c4dd797</id>
  </todo>
</todos>
[2024-12-21T19:15:58.286] [INFO] default - Received XML payload for addTodo: <?xml version="1.0" encoding="UTF-8" standalone="yes"?>
<todo>
  <text>for homie</text>
  <timestamp>2024-12-21T17:15:58.286Z</timestamp>
</todo>
[2024-12-21T19:15:58.286] [INFO] default - Adding todo item with ID: {
  text: 'for homie',
  timeStamp: '2024-12-21T17:15:58.286Z',
  userId: 'dan'
}
[2024-12-21T19:15:58.287] [INFO] default - In 'getAllTodos'
[2024-12-21T19:15:58.287] [INFO] default - New xmlResponse: <?xml version="1.0" encoding="UTF-8" standalone="yes"?>
<todos>
  <todo>
    <text>for homie</text>
    <timeStamp>2024-12-21T17:15:58.286Z</timeStamp>
    <userId>dan</userId>
    <id>f01c70ae-6073-4b05-9275-a04d38298ba6</id>
  </todo>
  <todo>
    <text>buy stuff</text>
    <timeStamp>2024-12-21T17:15:56.908Z</timeStamp>
    <userId>dan</userId>
    <id>6e62e103-fbad-4487-bba7-c38d59135c67</id>
  </todo>
  <todo>
    <text>ghjngmj</text>
    <timeStamp>2024-12-21T16:58:29.170Z</timeStamp>
    <userId>dan</userId>
    <id>cd49a569-37df-4f79-870e-99253c4dd797</id>
  </todo>
</todos>
[2024-12-21T19:23:23.184] [INFO] default - Server running on http://localhost:4000
[2024-12-21T19:23:23.288] [INFO] default - ⚡: IAXBahjutsDGhaIaAAAB user just connected!
[2024-12-21T19:23:29.559] [INFO] default - Received login request
[2024-12-21T19:23:29.561] [INFO] default - Login successful for user: dan
[2024-12-21T19:23:29.585] [ERROR] default - Authentication error: Invalid token
[2024-12-21T19:23:37.930] [INFO] default - Server running on http://localhost:4000
[2024-12-21T19:23:40.371] [INFO] default - Received login request
[2024-12-21T19:23:40.373] [INFO] default - Login successful for user: dan
[2024-12-21T19:23:40.399] [ERROR] default - Authentication error: Invalid token
[2024-12-21T19:25:32.134] [INFO] default - Server running on http://localhost:4000
[2024-12-21T19:25:36.795] [INFO] default - Received login request
[2024-12-21T19:25:36.797] [INFO] default - Login successful for user: dan
[2024-12-21T19:25:36.826] [INFO] default - ⚡: _vHM0FOQS5HX2ZFtAAAC user just connected!
[2024-12-21T19:25:36.830] [INFO] default - In 'getAllTodos'
[2024-12-21T19:26:09.659] [INFO] default - Server running on http://localhost:4000
[2024-12-21T19:26:14.067] [INFO] default - Received login request
[2024-12-21T19:26:14.070] [INFO] default - Login successful for user: dan
[2024-12-21T19:26:14.098] [INFO] default - ⚡: Ck7NElExWlUoHgktAAAC user just connected!
[2024-12-21T19:26:14.103] [INFO] default - In 'getAllTodos'
[2024-12-21T19:26:17.712] [INFO] default - Received XML payload for addTodo: <?xml version="1.0" encoding="UTF-8" standalone="yes"?>
<todo>
  <text>adsfasdf</text>
  <timestamp>2024-12-21T17:26:17.711Z</timestamp>
</todo>
[2024-12-21T19:26:17.715] [INFO] default - Adding todo item with ID: {
  text: 'adsfasdf',
  timeStamp: '2024-12-21T17:26:17.711Z',
  userId: 'dan'
}
[2024-12-21T19:26:17.715] [INFO] default - In 'getAllTodos'
[2024-12-21T19:26:17.716] [INFO] default - New xmlResponse: <?xml version="1.0" encoding="UTF-8" standalone="yes"?>
<todos>
  <todo>
    <text>adsfasdf</text>
    <timeStamp>2024-12-21T17:26:17.711Z</timeStamp>
    <userId>dan</userId>
    <id>ec219654-2a1d-4681-991f-156a3c30f4c8</id>
  </todo>
</todos>
[2024-12-21T19:26:19.325] [INFO] default - Received XML payload for deleteTodo: <?xml version="1.0" encoding="UTF-8" standalone="yes"?>
<todo>
  <id>ec219654-2a1d-4681-991f-156a3c30f4c8</id>
</todo>
[2024-12-21T19:26:19.326] [INFO] default - Deleting todo item with ID: ec219654-2a1d-4681-991f-156a3c30f4c8
[2024-12-21T19:26:19.326] [INFO] default - In 'getAllTodos'
[2024-12-21T19:26:19.327] [INFO] default - Todo with id ec219654-2a1d-4681-991f-156a3c30f4c8 deleted successfully.
[2024-12-21T19:26:20.754] [INFO] default - Received XML payload for addTodo: <?xml version="1.0" encoding="UTF-8" standalone="yes"?>
<todo>
  <text>erverv</text>
  <timestamp>2024-12-21T17:26:20.755Z</timestamp>
</todo>
[2024-12-21T19:26:20.755] [INFO] default - Adding todo item with ID: {
  text: 'erverv',
  timeStamp: '2024-12-21T17:26:20.755Z',
  userId: 'dan'
}
[2024-12-21T19:26:20.756] [INFO] default - In 'getAllTodos'
[2024-12-21T19:26:20.756] [INFO] default - New xmlResponse: <?xml version="1.0" encoding="UTF-8" standalone="yes"?>
<todos>
  <todo>
    <text>erverv</text>
    <timeStamp>2024-12-21T17:26:20.755Z</timeStamp>
    <userId>dan</userId>
    <id>159d8742-3194-4ac4-b89b-ef5aef504a7e</id>
  </todo>
</todos>
[2024-12-21T19:26:21.625] [INFO] default - Received XML payload for addTodo: <?xml version="1.0" encoding="UTF-8" standalone="yes"?>
<todo>
  <text>asdfasdf</text>
  <timestamp>2024-12-21T17:26:21.625Z</timestamp>
</todo>
[2024-12-21T19:26:21.626] [INFO] default - Adding todo item with ID: {
  text: 'asdfasdf',
  timeStamp: '2024-12-21T17:26:21.625Z',
  userId: 'dan'
}
[2024-12-21T19:26:21.626] [INFO] default - In 'getAllTodos'
[2024-12-21T19:26:21.626] [INFO] default - New xmlResponse: <?xml version="1.0" encoding="UTF-8" standalone="yes"?>
<todos>
  <todo>
    <text>asdfasdf</text>
    <timeStamp>2024-12-21T17:26:21.625Z</timeStamp>
    <userId>dan</userId>
    <id>ec982932-4af4-4549-8383-5ac934264976</id>
  </todo>
  <todo>
    <text>erverv</text>
    <timeStamp>2024-12-21T17:26:20.755Z</timeStamp>
    <userId>dan</userId>
    <id>159d8742-3194-4ac4-b89b-ef5aef504a7e</id>
  </todo>
</todos>
[2024-12-21T19:55:33.321] [INFO] default - Server running on http://localhost:4000
[2024-12-21T19:55:51.628] [INFO] default - Received login request
[2024-12-21T19:55:51.631] [INFO] default - Login successful for user: dan
[2024-12-21T19:55:51.662] [INFO] default - ⚡: BdHythhX5rU1vUOTAAAC user just connected!
[2024-12-21T19:55:51.668] [INFO] default - In 'getAllTodos'
[2024-12-21T19:56:35.266] [INFO] default - ⚡: 184IhhPFApOjdzgyAAAE user just connected!
[2024-12-21T19:56:35.270] [INFO] default - In 'getAllTodos'
[2024-12-21T19:56:46.750] [INFO] default - Received login request
[2024-12-21T19:56:46.751] [INFO] default - Login successful for user: dan
[2024-12-21T19:56:46.773] [INFO] default - ⚡: bLaUhX2nZO-MKPeEAAAH user just connected!
[2024-12-21T19:56:46.777] [INFO] default - In 'getAllTodos'
[2024-12-21T20:05:32.789] [INFO] default - Server running on http://localhost:4000
[2024-12-21T20:05:45.193] [INFO] default - Received login request
[2024-12-21T20:05:45.196] [INFO] default - Login successful for user: dan
[2024-12-21T20:07:04.639] [INFO] default - Received login request
[2024-12-21T20:07:04.641] [INFO] default - Login successful for user: dan
[2024-12-21T20:07:20.259] [INFO] default - Server running on http://localhost:4000
[2024-12-21T20:07:25.134] [INFO] default - Received login request
[2024-12-21T20:07:25.137] [INFO] default - Login successful for user: dan
[2024-12-21T20:07:25.160] [INFO] default - ⚡: AnZrS-vXYTnrpmdnAAAC user just connected!
[2024-12-21T20:07:25.164] [INFO] default - In 'getAllTodos'
[2024-12-21T20:07:26.691] [INFO] default - Received XML payload for addTodo: <?xml version="1.0" encoding="UTF-8" standalone="yes"?>
<todo>
  <text>asdfasdf</text>
  <timestamp>2024-12-21T18:07:26.691Z</timestamp>
</todo>
[2024-12-21T20:07:26.694] [INFO] default - Adding todo item with ID: {
  text: 'asdfasdf',
  timeStamp: '2024-12-21T18:07:26.691Z',
  userId: 'dan'
}
[2024-12-21T20:07:26.694] [INFO] default - In 'getAllTodos'
[2024-12-21T20:07:26.695] [INFO] default - New xmlResponse: <?xml version="1.0" encoding="UTF-8" standalone="yes"?>
<todos>
  <todo>
    <text>asdfasdf</text>
    <timeStamp>2024-12-21T18:07:26.691Z</timeStamp>
    <userId>dan</userId>
    <id>b9d07065-819e-4db3-823b-9886cf99bec2</id>
  </todo>
</todos>
[2024-12-22T09:58:09.610] [ERROR] default - Authentication error: Invalid token
[2024-12-22T10:04:12.257] [ERROR] default - Authentication error: Invalid token
[2024-12-22T10:15:22.573] [INFO] default - Server running on http://localhost:4000
[2024-12-22T10:15:45.553] [INFO] default - Received login request
[2024-12-22T10:15:45.556] [INFO] default - Login successful for user: dan
[2024-12-22T10:15:45.642] [INFO] default - ⚡: 4q85H8VCzYHjF2ziAAAC user just connected!
[2024-12-22T10:15:45.646] [INFO] default - In 'getAllTodos'
[2024-12-22T10:15:48.169] [INFO] default - Received XML payload for addTodo: <?xml version="1.0" encoding="UTF-8" standalone="yes"?>
<todo>
  <text>asdf</text>
  <timestamp>2024-12-22T08:15:48.166Z</timestamp>
</todo>
[2024-12-22T10:15:48.172] [INFO] default - Adding todo item with ID: { text: 'asdf', timeStamp: '2024-12-22T08:15:48.166Z', userId: 'dan' }
[2024-12-22T10:15:48.172] [INFO] default - In 'getAllTodos'
[2024-12-22T10:15:48.173] [INFO] default - New xmlResponse: <?xml version="1.0" encoding="UTF-8" standalone="yes"?>
<todos>
  <todo>
    <text>asdf</text>
    <timeStamp>2024-12-22T08:15:48.166Z</timeStamp>
    <userId>dan</userId>
    <id>48cf3c71-f577-4381-913a-2c122a2f58e4</id>
  </todo>
</todos>
[2024-12-22T10:15:50.444] [INFO] default - Received XML payload for addTodo: <?xml version="1.0" encoding="UTF-8" standalone="yes"?>
<todo>
  <text>fdsdfs</text>
  <timestamp>2024-12-22T08:15:50.444Z</timestamp>
</todo>
[2024-12-22T10:15:50.445] [INFO] default - Adding todo item with ID: {
  text: 'fdsdfs',
  timeStamp: '2024-12-22T08:15:50.444Z',
  userId: 'dan'
}
[2024-12-22T10:15:50.445] [INFO] default - In 'getAllTodos'
[2024-12-22T10:15:50.446] [INFO] default - New xmlResponse: <?xml version="1.0" encoding="UTF-8" standalone="yes"?>
<todos>
  <todo>
    <text>fdsdfs</text>
    <timeStamp>2024-12-22T08:15:50.444Z</timeStamp>
    <userId>dan</userId>
    <id>5ca7cdf0-c783-4640-9e1e-bb1b30d3cf73</id>
  </todo>
  <todo>
    <text>asdf</text>
    <timeStamp>2024-12-22T08:15:48.166Z</timeStamp>
    <userId>dan</userId>
    <id>48cf3c71-f577-4381-913a-2c122a2f58e4</id>
  </todo>
</todos>
[2024-12-22T10:17:13.352] [INFO] default - Server running on http://localhost:4000
[2024-12-22T10:17:13.374] [INFO] default - On io.use(socket,next)=>{....}
[2024-12-22T10:17:13.378] [INFO] default - ⚡: LDOW-KwSwMB8OO0-AAAE user just connected!
[2024-12-22T10:17:13.383] [INFO] default - In 'getAllTodos'
[2024-12-22T10:17:15.699] [INFO] default - On io.use(socket,next)=>{....}
[2024-12-22T10:17:15.701] [INFO] default - ⚡: jxMk4P-ri4bf-jD0AAAH user just connected!
[2024-12-22T10:17:15.706] [INFO] default - In 'getAllTodos'
[2024-12-22T10:17:19.288] [INFO] default - Received XML payload for addTodo: <?xml version="1.0" encoding="UTF-8" standalone="yes"?>
<todo>
  <text>sadfasdf</text>
  <timestamp>2024-12-22T08:17:19.288Z</timestamp>
</todo>
[2024-12-22T10:17:19.291] [INFO] default - Adding todo item with ID: {
  text: 'sadfasdf',
  timeStamp: '2024-12-22T08:17:19.288Z',
  userId: 'dan'
}
[2024-12-22T10:17:19.292] [INFO] default - In 'getAllTodos'
[2024-12-22T10:17:19.292] [INFO] default - New xmlResponse: <?xml version="1.0" encoding="UTF-8" standalone="yes"?>
<todos>
  <todo>
    <text>sadfasdf</text>
    <timeStamp>2024-12-22T08:17:19.288Z</timeStamp>
    <userId>dan</userId>
    <id>cab83063-3975-4b6b-a0ad-337cdbdcc6a4</id>
  </todo>
</todos>
[2024-12-22T10:17:21.137] [INFO] default - Received XML payload for deleteTodo: <?xml version="1.0" encoding="UTF-8" standalone="yes"?>
<todo>
  <id>cab83063-3975-4b6b-a0ad-337cdbdcc6a4</id>
</todo>
[2024-12-22T10:17:21.138] [INFO] default - Deleting todo item with ID: cab83063-3975-4b6b-a0ad-337cdbdcc6a4
[2024-12-22T10:17:21.138] [INFO] default - In 'getAllTodos'
[2024-12-22T10:17:21.138] [INFO] default - Todo with id cab83063-3975-4b6b-a0ad-337cdbdcc6a4 deleted successfully.
[2024-12-22T10:17:24.574] [INFO] default - On io.use(socket,next)=>{....}
[2024-12-22T10:17:24.577] [INFO] default - ⚡: mFG8uoWRozFrgacaAAAK user just connected!
[2024-12-22T10:17:24.580] [INFO] default - In 'getAllTodos'
[2024-12-22T10:17:26.944] [INFO] default - On io.use(socket,next)=>{....}
[2024-12-22T10:17:26.946] [INFO] default - ⚡: bJwU2LYhxvEMlXwGAAAN user just connected!
[2024-12-22T10:17:26.949] [INFO] default - In 'getAllTodos'
[2024-12-22T10:17:34.940] [INFO] default - On io.use(socket,next)=>{....}
[2024-12-22T10:17:34.941] [INFO] default - ⚡: 85RjG54U5xM0bxqOAAAQ user just connected!
[2024-12-22T10:17:34.944] [INFO] default - In 'getAllTodos'
[2024-12-22T10:17:58.411] [INFO] default - On io.use(socket,next)=>{....}
[2024-12-22T10:17:58.412] [INFO] default - ⚡: 1wAH4yNvEY9ML4lwAAAV user just connected!
[2024-12-22T10:17:58.416] [INFO] default - In 'getAllTodos'
[2024-12-22T10:18:01.067] [INFO] default - On io.use(socket,next)=>{....}
[2024-12-22T10:18:01.069] [INFO] default - ⚡: vvi_TQX1jHSjy7o2AAAa user just connected!
[2024-12-22T10:18:01.073] [INFO] default - In 'getAllTodos'
[2024-12-22T10:18:33.487] [INFO] default - Server running on http://localhost:4000
[2024-12-22T10:18:34.238] [INFO] default - On io.use(socket,next)=>{....}
[2024-12-22T10:18:34.242] [INFO] default - ⚡: x8EdSeUPXxg2iuLfAAAB user just connected!
[2024-12-22T10:18:35.731] [INFO] default - On io.use(socket,next)=>{....}
[2024-12-22T10:18:35.733] [INFO] default - ⚡: 98-CzaUZoNbwlBoxAAAG user just connected!
[2024-12-22T10:18:35.739] [INFO] default - In 'getAllTodos'
[2024-12-22T10:19:19.367] [INFO] default - Received login request
[2024-12-22T10:19:19.368] [INFO] default - Login successful for user: dan
[2024-12-22T10:19:19.391] [INFO] default - On io.use(socket,next)=>{....}
[2024-12-22T10:19:19.393] [INFO] default - ⚡: QagF8ygphM1isrtWAAAJ user just connected!
[2024-12-22T10:19:19.397] [INFO] default - In 'getAllTodos'
[2024-12-22T10:19:23.123] [INFO] default - On io.use(socket,next)=>{....}
[2024-12-22T10:19:23.125] [INFO] default - ⚡: qbxfixYdyT_2SNCuAAAO user just connected!
[2024-12-22T10:19:23.131] [INFO] default - In 'getAllTodos'
[2024-12-22T10:19:29.675] [INFO] default - On io.use(socket,next)=>{....}
[2024-12-22T10:19:29.677] [INFO] default - ⚡: 7Ra1bonFqHeRYiAsAAAR user just connected!
[2024-12-22T10:19:29.684] [INFO] default - In 'getAllTodos'
[2024-12-22T10:24:35.238] [INFO] default - On io.use(socket,next)=>{....}
[2024-12-22T10:24:35.239] [INFO] default - ⚡: p2RsWG2QlOU29nquAAAT user just connected!
[2024-12-22T10:24:35.242] [INFO] default - In 'getAllTodos'
[2024-12-22T10:25:23.682] [INFO] default - Server running on http://localhost:4000
[2024-12-22T10:25:38.604] [INFO] default - Received login request
[2024-12-22T10:25:38.607] [INFO] default - Login successful for user: dan
[2024-12-22T10:26:07.013] [INFO] default - Received login request
[2024-12-22T10:26:07.014] [INFO] default - Login successful for user: dan
[2024-12-22T10:26:07.607] [INFO] default - Received login request
[2024-12-22T10:26:07.608] [INFO] default - Login successful for user: dan
[2024-12-22T10:26:07.827] [INFO] default - Received login request
[2024-12-22T10:26:07.828] [INFO] default - Login successful for user: dan
[2024-12-22T10:26:07.975] [INFO] default - Received login request
[2024-12-22T10:26:07.976] [INFO] default - Login successful for user: dan
[2024-12-22T10:26:21.670] [INFO] default - Received login request
[2024-12-22T10:26:21.670] [INFO] default - Login successful for user: dan
[2024-12-22T10:26:22.679] [INFO] default - Received login request
[2024-12-22T10:26:22.680] [INFO] default - Login successful for user: dan
[2024-12-22T10:26:22.876] [INFO] default - Received login request
[2024-12-22T10:26:22.877] [INFO] default - Login successful for user: dan
[2024-12-22T10:26:42.149] [INFO] default - Received login request
[2024-12-22T10:26:42.150] [INFO] default - Login successful for user: dan
[2024-12-22T10:26:42.173] [INFO] default - On io.use(socket,next)=>{....}
[2024-12-22T10:26:42.176] [INFO] default - ⚡: Vb_0hi0SATrRiTgeAAAC user just connected!
[2024-12-22T10:26:42.179] [INFO] default - In 'getAllTodos'
[2024-12-22T10:26:43.796] [INFO] default - Received XML payload for addTodo: <?xml version="1.0" encoding="UTF-8" standalone="yes"?>
<todo>
  <text>dfdf</text>
  <timestamp>2024-12-22T08:26:43.794Z</timestamp>
</todo>
[2024-12-22T10:26:43.798] [INFO] default - Adding todo item with ID: { text: 'dfdf', timeStamp: '2024-12-22T08:26:43.794Z', userId: 'dan' }
[2024-12-22T10:26:43.799] [INFO] default - In 'getAllTodos'
[2024-12-22T10:26:43.799] [INFO] default - New xmlResponse: <?xml version="1.0" encoding="UTF-8" standalone="yes"?>
<todos>
  <todo>
    <text>dfdf</text>
    <timeStamp>2024-12-22T08:26:43.794Z</timeStamp>
    <userId>dan</userId>
    <id>cc069207-64e8-4210-acae-ef44ee889a32</id>
  </todo>
</todos>
[2024-12-22T10:30:46.962] [INFO] default - Server running on http://localhost:4000
[2024-12-22T10:30:47.638] [INFO] default - On io.use(socket,next)=>{....}
[2024-12-22T10:30:47.642] [INFO] default - ⚡: yvS5j7mBcWHtKEfbAAAC user just connected!
[2024-12-22T10:30:47.646] [INFO] default - In 'getAllTodos'
[2024-12-22T10:30:58.751] [INFO] default - Received login request
[2024-12-22T10:30:58.753] [INFO] default - Login successful for user: dan
[2024-12-22T10:30:58.776] [INFO] default - On io.use(socket,next)=>{....}
[2024-12-22T10:30:58.778] [INFO] default - ⚡: 9LWu9aXkjeg4X6mjAAAF user just connected!
[2024-12-22T10:30:58.781] [INFO] default - In 'getAllTodos'
[2024-12-22T10:31:05.703] [INFO] default - Received XML payload for addTodo: <?xml version="1.0" encoding="UTF-8" standalone="yes"?>
<todo>
  <text>hey</text>
  <timestamp>2024-12-22T08:31:05.701Z</timestamp>
</todo>
[2024-12-22T10:31:05.705] [INFO] default - Adding todo item with ID: { text: 'hey', timeStamp: '2024-12-22T08:31:05.701Z', userId: 'dan' }
[2024-12-22T10:31:05.706] [INFO] default - In 'getAllTodos'
[2024-12-22T10:31:05.707] [INFO] default - New xmlResponse: <?xml version="1.0" encoding="UTF-8" standalone="yes"?>
<todos>
  <todo>
    <text>hey</text>
    <timeStamp>2024-12-22T08:31:05.701Z</timeStamp>
    <userId>dan</userId>
    <id>e345417a-6dde-4979-a2f1-83cd3950bc5b</id>
  </todo>
</todos>
[2024-12-22T10:31:07.379] [INFO] default - Received XML payload for addTodo: <?xml version="1.0" encoding="UTF-8" standalone="yes"?>
<todo>
  <text>be</text>
  <timestamp>2024-12-22T08:31:07.379Z</timestamp>
</todo>
[2024-12-22T10:31:07.380] [INFO] default - Adding todo item with ID: { text: 'be', timeStamp: '2024-12-22T08:31:07.379Z', userId: 'dan' }
[2024-12-22T10:31:07.380] [INFO] default - In 'getAllTodos'
[2024-12-22T10:31:07.381] [INFO] default - New xmlResponse: <?xml version="1.0" encoding="UTF-8" standalone="yes"?>
<todos>
  <todo>
    <text>be</text>
    <timeStamp>2024-12-22T08:31:07.379Z</timeStamp>
    <userId>dan</userId>
    <id>901ef95a-360e-4f3b-aabd-60c66bc14265</id>
  </todo>
  <todo>
    <text>hey</text>
    <timeStamp>2024-12-22T08:31:05.701Z</timeStamp>
    <userId>dan</userId>
    <id>e345417a-6dde-4979-a2f1-83cd3950bc5b</id>
  </todo>
</todos>
[2024-12-22T10:31:12.135] [INFO] default - Received XML payload for addTodo: <?xml version="1.0" encoding="UTF-8" standalone="yes"?>
<todo>
  <text>si</text>
  <timestamp>2024-12-22T08:31:12.134Z</timestamp>
</todo>
[2024-12-22T10:31:12.135] [INFO] default - Adding todo item with ID: { text: 'si', timeStamp: '2024-12-22T08:31:12.134Z', userId: 'dan' }
[2024-12-22T10:31:12.136] [INFO] default - In 'getAllTodos'
[2024-12-22T10:31:12.136] [INFO] default - New xmlResponse: <?xml version="1.0" encoding="UTF-8" standalone="yes"?>
<todos>
  <todo>
    <text>si</text>
    <timeStamp>2024-12-22T08:31:12.134Z</timeStamp>
    <userId>dan</userId>
    <id>55fd2ef4-a175-4875-8ab3-ec32f824e53f</id>
  </todo>
  <todo>
    <text>be</text>
    <timeStamp>2024-12-22T08:31:07.379Z</timeStamp>
    <userId>dan</userId>
    <id>901ef95a-360e-4f3b-aabd-60c66bc14265</id>
  </todo>
  <todo>
    <text>hey</text>
    <timeStamp>2024-12-22T08:31:05.701Z</timeStamp>
    <userId>dan</userId>
    <id>e345417a-6dde-4979-a2f1-83cd3950bc5b</id>
  </todo>
</todos>
[2024-12-22T10:31:47.336] [INFO] default - On io.use(socket,next)=>{....}
[2024-12-22T10:31:47.337] [INFO] default - ⚡: yEMAy_vLjYG1ieLJAAAK user just connected!
[2024-12-22T10:31:47.342] [INFO] default - In 'getAllTodos'
[2024-12-22T10:58:35.495] [INFO] default - Server running on http://localhost:4000
[2024-12-22T10:58:44.067] [INFO] default - Received login request
[2024-12-22T10:58:44.070] [INFO] default - Login successful for user: dan
[2024-12-22T10:58:44.093] [INFO] default - On io.use(socket,next)=>{....}
[2024-12-22T10:58:44.096] [INFO] default - ⚡: qRannjCV4Uixofh1AAAC user just connected!
[2024-12-22T10:58:44.099] [INFO] default - In 'getAllTodos'
[2024-12-22T11:00:01.587] [INFO] default - Server running on http://localhost:4000
[2024-12-22T11:00:01.718] [INFO] default - On io.use(socket,next)=>{....}
[2024-12-22T11:00:01.722] [INFO] default - ⚡: lAmuC95I5qLkqkcqAAAE user just connected!
[2024-12-22T11:00:01.726] [INFO] default - In 'getAllTodos'
[2024-12-22T11:00:03.825] [INFO] default - On io.use(socket,next)=>{....}
[2024-12-22T11:00:03.827] [INFO] default - ⚡: crCZa6_gOY9MVlimAAAH user just connected!
[2024-12-22T11:00:03.830] [INFO] default - In 'getAllTodos'
[2024-12-22T11:00:18.449] [INFO] default - On io.use(socket,next)=>{....}
[2024-12-22T11:00:18.450] [INFO] default - ⚡: GtfgXiZ6rvkTSqf7AAAK user just connected!
[2024-12-22T11:00:18.454] [INFO] default - In 'getAllTodos'
[2024-12-22T11:00:31.699] [INFO] default - Received login request
[2024-12-22T11:00:31.700] [INFO] default - Login successful for user: dan
[2024-12-22T11:00:31.722] [INFO] default - On io.use(socket,next)=>{....}
[2024-12-22T11:00:31.723] [INFO] default - ⚡: e9l1FaotDmOB__VNAAAN user just connected!
[2024-12-22T11:00:31.727] [INFO] default - In 'getAllTodos'
[2024-12-22T11:00:34.218] [INFO] default - Received XML payload for addTodo: <?xml version="1.0" encoding="UTF-8" standalone="yes"?>
<todo>
  <text>adfsdf</text>
  <timestamp>2024-12-22T09:00:34.216Z</timestamp>
</todo>
[2024-12-22T11:00:34.221] [INFO] default - Adding todo item with ID: {
  text: 'adfsdf',
  timeStamp: '2024-12-22T09:00:34.216Z',
  userId: 'dan'
}
[2024-12-22T11:00:34.222] [INFO] default - In 'getAllTodos'
[2024-12-22T11:00:34.223] [INFO] default - New xmlResponse: <?xml version="1.0" encoding="UTF-8" standalone="yes"?>
<todos>
  <todo>
    <text>adfsdf</text>
    <timeStamp>2024-12-22T09:00:34.216Z</timeStamp>
    <userId>dan</userId>
    <id>06557434-ac82-444d-aaee-e4d9ab5f832e</id>
  </todo>
</todos>
[2024-12-22T11:07:19.238] [INFO] default - On io.use(socket,next)=>{....}
[2024-12-22T11:07:19.239] [INFO] default - ⚡: 0DAFp84XT1zdt_gCAAAP user just connected!
[2024-12-22T11:07:19.243] [INFO] default - In 'getAllTodos'
[2024-12-22T11:07:26.105] [INFO] default - On io.use(socket,next)=>{....}
[2024-12-22T11:07:26.107] [INFO] default - ⚡: jq39KYNGW0FYCV38AAAU user just connected!
[2024-12-22T11:07:26.112] [INFO] default - In 'getAllTodos'
[2024-12-22T11:07:39.180] [INFO] default - Received login request
[2024-12-22T11:07:39.181] [INFO] default - Login successful for user: dan
[2024-12-22T11:07:39.201] [INFO] default - On io.use(socket,next)=>{....}
[2024-12-22T11:07:39.202] [INFO] default - ⚡: LOzEVFZfF_vxWELnAAAX user just connected!
[2024-12-22T11:07:39.205] [INFO] default - In 'getAllTodos'
[2024-12-22T11:10:11.242] [INFO] default - Server running on http://localhost:4000
[2024-12-22T11:10:11.270] [INFO] default - On io.use(socket,next)=>{....}
[2024-12-22T11:10:11.274] [INFO] default - ⚡: HEWmKCwRpA-oYnGQAAAB user just connected!
[2024-12-22T11:10:14.188] [INFO] default - On io.use(socket,next)=>{....}
[2024-12-22T11:10:14.190] [INFO] default - ⚡: SlR8GA-JXyETMH70AAAG user just connected!
[2024-12-22T11:10:14.197] [INFO] default - In 'getAllTodos'
[2024-12-22T11:10:20.883] [INFO] default - Server running on http://localhost:4000
[2024-12-22T11:10:23.170] [INFO] default - On io.use(socket,next)=>{....}
[2024-12-22T11:10:23.174] [INFO] default - ⚡: LbhWQv8TyVP_48pLAAAB user just connected!
[2024-12-22T11:10:23.179] [INFO] default - Received XML payload for addTodo: <?xml version="1.0" encoding="UTF-8" standalone="yes"?>
<todo>
  <text>asdg</text>
  <timestamp>2024-12-22T09:10:22.677Z</timestamp>
</todo>
[2024-12-22T11:10:23.182] [INFO] default - Adding todo item with ID: { text: 'asdg', timeStamp: '2024-12-22T09:10:22.677Z', userId: 'dan' }
[2024-12-22T11:10:23.183] [INFO] default - In 'getAllTodos'
[2024-12-22T11:10:23.188] [INFO] default - New xmlResponse: <?xml version="1.0" encoding="UTF-8" standalone="yes"?>
<todos>
  <todo>
    <text>asdg</text>
    <timeStamp>2024-12-22T09:10:22.677Z</timeStamp>
    <userId>dan</userId>
    <id>dd642875-9d70-4652-9d95-4ddaabdad6d8</id>
  </todo>
</todos>
[2024-12-22T11:10:28.827] [INFO] default - Server running on http://localhost:4000
[2024-12-22T11:10:30.732] [INFO] default - On io.use(socket,next)=>{....}
[2024-12-22T11:10:30.737] [INFO] default - ⚡: LOAyt_G6EZhb9psKAAAE user just connected!
[2024-12-22T11:10:30.744] [INFO] default - In 'getAllTodos'
[2024-12-22T11:34:36.680] [INFO] default - Server running on http://localhost:4000
[2024-12-22T11:34:55.582] [INFO] default - Server running on http://localhost:4000
[2024-12-22T11:35:45.624] [INFO] default - Server running on http://localhost:4000
[2024-12-22T11:36:56.366] [INFO] default - Server running on http://localhost:4000
[2024-12-22T11:37:08.591] [INFO] default - On io.use(socket,next)=>{....}
[2024-12-22T11:37:08.594] [INFO] default - ⚡: 2iyZuPuviVqnE9HeAAAC user just connected!
[2024-12-22T11:37:08.599] [INFO] default - In 'getAllTodos'
[2024-12-22T11:37:12.285] [INFO] default - On io.use(socket,next)=>{....}
[2024-12-22T11:37:12.287] [INFO] default - ⚡: 2qpUOb6KKVDvJuaeAAAF user just connected!
[2024-12-22T11:37:12.292] [INFO] default - In 'getAllTodos'
[2024-12-22T11:37:24.866] [INFO] default - Received login request
[2024-12-22T11:37:24.917] [INFO] default - Login successful for user: dan
[2024-12-22T11:37:24.939] [INFO] default - On io.use(socket,next)=>{....}
[2024-12-22T11:37:24.940] [INFO] default - ⚡: HfeFJUAYHwkO43krAAAI user just connected!
[2024-12-22T11:37:24.944] [INFO] default - In 'getAllTodos'
[2024-12-22T11:38:41.163] [INFO] default - Server running on http://localhost:4000
[2024-12-22T11:38:41.362] [INFO] default - On io.use(socket,next)=>{....}
[2024-12-22T11:38:41.366] [INFO] default - ⚡: 8m6_2IBZsyii7jgJAAAB user just connected!
[2024-12-22T11:38:46.969] [INFO] default - Received login request
[2024-12-22T11:38:47.020] [INFO] default - Login successful for user: dan
[2024-12-22T11:38:47.043] [INFO] default - On io.use(socket,next)=>{....}
[2024-12-22T11:38:47.044] [INFO] default - ⚡: xexax5O1pZ9y5CwKAAAE user just connected!
[2024-12-22T11:38:47.048] [INFO] default - In 'getAllTodos'
[2024-12-22T14:20:36.935] [INFO] default - Server running on http://localhost:4000
[2024-12-22T14:24:38.402] [INFO] default - Server running on http://localhost:4000
[2024-12-22T14:26:41.897] [INFO] default - Server running on http://localhost:4000
[2024-12-22T14:26:55.976] [INFO] default - Server running on http://localhost:4000
[2024-12-22T14:27:22.833] [INFO] default - Server running on http://localhost:4000
[2024-12-22T14:27:33.304] [INFO] default - Serving frontend from: C:\Users\Danni\WebstormProjects\todo-list\client\dist
[2024-12-22T14:27:33.309] [INFO] default - Server running on http://localhost:4000
[2024-12-22T14:29:55.439] [INFO] default - Serving frontend from: C:\Users\Danni\WebstormProjects\todo-list\client\dist
[2024-12-22T14:29:55.444] [INFO] default - Server running on http://localhost:4000
[2024-12-22T14:30:05.253] [INFO] default - Received login request
[2024-12-22T14:30:05.304] [INFO] default - Login successful for user: dan
[2024-12-22T14:30:05.339] [INFO] default - On io.use(socket,next)=>{....}
[2024-12-22T14:30:05.342] [INFO] default - ⚡: NhXAtoayOzWZ-8_HAAAB user just connected!
[2024-12-22T14:30:05.345] [INFO] default - In 'getAllTodos'
[2024-12-22T14:30:16.704] [INFO] default - On io.use(socket,next)=>{....}
[2024-12-22T14:30:16.705] [INFO] default - ⚡: hAMQW5Ev1SOQd_05AAAD user just connected!
[2024-12-22T14:30:16.707] [INFO] default - In 'getAllTodos'
[2024-12-22T14:30:17.673] [INFO] default - On io.use(socket,next)=>{....}
[2024-12-22T14:30:17.675] [INFO] default - ⚡: BGJjRAz9BtyG94uCAAAF user just connected!
[2024-12-22T14:30:17.680] [INFO] default - In 'getAllTodos'
[2024-12-22T14:30:18.353] [INFO] default - On io.use(socket,next)=>{....}
[2024-12-22T14:30:18.354] [INFO] default - ⚡: -wEUboydIxCGOkCcAAAH user just connected!
[2024-12-22T14:30:18.356] [INFO] default - In 'getAllTodos'
[2024-12-22T14:30:18.849] [INFO] default - On io.use(socket,next)=>{....}
[2024-12-22T14:30:18.851] [INFO] default - ⚡: 9sPgncCX_BwSA5a1AAAJ user just connected!
[2024-12-22T14:30:18.853] [INFO] default - In 'getAllTodos'
[2024-12-22T14:31:10.505] [INFO] default - Serving frontend from: C:\Users\Danni\WebstormProjects\todo-list\client\dist
[2024-12-22T14:31:10.510] [INFO] default - Server running on http://localhost:4000
[2024-12-22T14:31:10.665] [INFO] default - On io.use(socket,next)=>{....}
[2024-12-22T14:31:10.669] [INFO] default - ⚡: q4l3p0_-oLqdh0mAAAAB user just connected!
[2024-12-22T14:31:25.796] [INFO] default - Serving frontend from: C:\Users\Danni\WebstormProjects\todo-list\client\dist
[2024-12-22T14:31:25.801] [INFO] default - Server running on http://localhost:4000
[2024-12-22T14:31:26.889] [INFO] default - On io.use(socket,next)=>{....}
[2024-12-22T14:31:26.892] [INFO] default - ⚡: WtQf76RS91cyqlYgAAAC user just connected!
[2024-12-22T14:31:26.896] [INFO] default - In 'getAllTodos'
